2023-03-14 18:32:38,674 [Worker-4: Loading available Gradle versions] INFO  o.e.b.c.i.u.g.PublishedGradleVersions - Gradle version information cache is out-of-date. Trying to update.
2023-03-14 18:33:50,983 [Worker-2: Building] INFO  o.e.m.c.i.l.LifecycleMappingFactory - Using org.eclipse.m2e.jdt.JarLifecycleMapping lifecycle mapping for MavenProject: com.DonationBackend:DonationBackend:0.0.1-SNAPSHOT @ E:\Cdac\A-Dac\final Project\14.03 FINAL\DonationBackend\DonationBackend\pom.xml.
2023-03-14 18:33:54,364 [Worker-2: Building] INFO  o.e.m.c.i.embedder.EclipseLogger - Using 'UTF-8' encoding to copy filtered resources.
2023-03-14 18:33:54,364 [Worker-2: Building] INFO  o.e.m.c.i.embedder.EclipseLogger - Using 'UTF-8' encoding to copy filtered properties files.
2023-03-14 18:33:54,379 [Worker-2: Building] INFO  o.e.m.c.i.embedder.EclipseLogger - Copying 1 resource
2023-03-14 18:33:54,416 [Worker-2: Building] INFO  o.e.m.c.i.embedder.EclipseLogger - Copying 0 resource
2023-03-14 18:33:54,425 [Worker-2: Building] INFO  o.e.m.c.i.embedder.EclipseLogger - Using 'UTF-8' encoding to copy filtered resources.
2023-03-14 18:33:54,425 [Worker-2: Building] INFO  o.e.m.c.i.embedder.EclipseLogger - Using 'UTF-8' encoding to copy filtered properties files.
2023-03-14 18:33:54,425 [Worker-2: Building] INFO  o.e.m.c.i.embedder.EclipseLogger - skip non existing resourceDirectory E:\Cdac\A-Dac\final Project\14.03 FINAL\DonationBackend\DonationBackend\src\test\resources
2023-03-14 18:33:57,395 [Worker-19: Building] INFO  o.e.m.c.i.embedder.EclipseLogger - Using 'UTF-8' encoding to copy filtered resources.
2023-03-14 18:33:57,395 [Worker-19: Building] INFO  o.e.m.c.i.embedder.EclipseLogger - Using 'UTF-8' encoding to copy filtered properties files.
2023-03-14 18:33:57,399 [Worker-19: Building] INFO  o.e.m.c.i.embedder.EclipseLogger - Copying 1 resource
2023-03-14 18:33:57,403 [Worker-19: Building] INFO  o.e.m.c.i.embedder.EclipseLogger - Copying 0 resource
2023-03-14 18:33:57,408 [Worker-19: Building] INFO  o.e.m.c.i.embedder.EclipseLogger - Using 'UTF-8' encoding to copy filtered resources.
2023-03-14 18:33:57,408 [Worker-19: Building] INFO  o.e.m.c.i.embedder.EclipseLogger - Using 'UTF-8' encoding to copy filtered properties files.
2023-03-14 18:33:57,410 [Worker-19: Building] INFO  o.e.m.c.i.embedder.EclipseLogger - skip non existing resourceDirectory E:\Cdac\A-Dac\final Project\14.03 FINAL\DonationBackend\DonationBackend\src\test\resources
2023-03-14 18:37:15,805 [Worker-3: Building] INFO  o.e.m.c.i.embedder.EclipseLogger - Using 'UTF-8' encoding to copy filtered resources.
2023-03-14 18:37:15,806 [Worker-3: Building] INFO  o.e.m.c.i.embedder.EclipseLogger - Using 'UTF-8' encoding to copy filtered properties files.
2023-03-14 18:37:15,808 [Worker-3: Building] INFO  o.e.m.c.i.embedder.EclipseLogger - Copying 1 resource
2023-03-14 18:37:15,818 [Worker-3: Building] INFO  o.e.m.c.i.embedder.EclipseLogger - Copying 0 resource
2023-03-14 18:37:15,825 [Worker-3: Building] INFO  o.e.m.c.i.embedder.EclipseLogger - Using 'UTF-8' encoding to copy filtered resources.
2023-03-14 18:37:15,825 [Worker-3: Building] INFO  o.e.m.c.i.embedder.EclipseLogger - Using 'UTF-8' encoding to copy filtered properties files.
2023-03-14 18:37:15,825 [Worker-3: Building] INFO  o.e.m.c.i.embedder.EclipseLogger - skip non existing resourceDirectory E:\Cdac\A-Dac\final Project\14.03 FINAL\DonationBackend\DonationBackend\src\test\resources
2023-03-14 18:39:05,402 [Worker-10: Updating Maven Project] INFO  o.e.m.c.i.p.ProjectConfigurationManager - Update started
2023-03-14 18:39:06,242 [Worker-10: Updating Maven Project] INFO  o.e.m.c.i.l.LifecycleMappingFactory - Using org.eclipse.m2e.jdt.JarLifecycleMapping lifecycle mapping for MavenProject: com.DonationBackend:DonationBackend:0.0.1-SNAPSHOT @ E:\Cdac\A-Dac\final Project\14.03 FINAL\DonationBackend\DonationBackend\pom.xml.
2023-03-14 18:39:07,671 [Worker-10: Updating Maven Project] INFO  o.e.m.j.i.AbstractJavaProjectConfigurator - Adding source folder /DonationBackend/src/main/java
2023-03-14 18:39:07,672 [Worker-10: Updating Maven Project] INFO  o.e.m.j.i.AbstractJavaProjectConfigurator - Adding resource folder /DonationBackend/src/main/resources
2023-03-14 18:39:07,713 [Worker-10: Updating Maven Project] INFO  o.e.m.j.i.AbstractJavaProjectConfigurator - Adding resource folder /DonationBackend/src/main/resources
2023-03-14 18:39:07,742 [Worker-10: Updating Maven Project] INFO  o.e.m.j.i.AbstractJavaProjectConfigurator - Adding source folder /DonationBackend/src/test/java
2023-03-14 18:39:11,711 [Worker-10: Updating Maven Project] INFO  o.e.m.c.i.embedder.EclipseLogger - Using 'UTF-8' encoding to copy filtered resources.
2023-03-14 18:39:11,714 [Worker-10: Updating Maven Project] INFO  o.e.m.c.i.embedder.EclipseLogger - Using 'UTF-8' encoding to copy filtered properties files.
2023-03-14 18:39:11,731 [Worker-10: Updating Maven Project] INFO  o.e.m.c.i.embedder.EclipseLogger - Copying 1 resource
2023-03-14 18:39:11,755 [Worker-10: Updating Maven Project] INFO  o.e.m.c.i.embedder.EclipseLogger - Copying 0 resource
2023-03-14 18:39:11,765 [Worker-10: Updating Maven Project] INFO  o.e.m.c.i.embedder.EclipseLogger - Using 'UTF-8' encoding to copy filtered resources.
2023-03-14 18:39:11,766 [Worker-10: Updating Maven Project] INFO  o.e.m.c.i.embedder.EclipseLogger - Using 'UTF-8' encoding to copy filtered properties files.
2023-03-14 18:39:11,766 [Worker-10: Updating Maven Project] INFO  o.e.m.c.i.embedder.EclipseLogger - skip non existing resourceDirectory E:\Cdac\A-Dac\final Project\14.03 FINAL\DonationBackend\DonationBackend\src\test\resources
2023-03-14 18:39:20,227 [Worker-10: Updating Maven Project] INFO  o.e.m.c.i.p.ProjectConfigurationManager - Update completed for 1 poms: local refresh takes 0.00 sec, refresh facades takes 1.00 sec, update config takes 9.00 sec 
2023-03-14 18:39:24,539 [Worker-22: Building] INFO  o.e.m.c.i.embedder.EclipseLogger - Using 'UTF-8' encoding to copy filtered resources.
2023-03-14 18:39:24,539 [Worker-22: Building] INFO  o.e.m.c.i.embedder.EclipseLogger - Using 'UTF-8' encoding to copy filtered properties files.
2023-03-14 18:39:24,540 [Worker-22: Building] INFO  o.e.m.c.i.embedder.EclipseLogger - Copying 1 resource
2023-03-14 18:39:24,542 [Worker-22: Building] INFO  o.e.m.c.i.embedder.EclipseLogger - Copying 0 resource
2023-03-14 18:39:24,554 [Worker-22: Building] INFO  o.e.m.c.i.embedder.EclipseLogger - Using 'UTF-8' encoding to copy filtered resources.
2023-03-14 18:39:24,554 [Worker-22: Building] INFO  o.e.m.c.i.embedder.EclipseLogger - Using 'UTF-8' encoding to copy filtered properties files.
2023-03-14 18:39:24,554 [Worker-22: Building] INFO  o.e.m.c.i.embedder.EclipseLogger - skip non existing resourceDirectory E:\Cdac\A-Dac\final Project\14.03 FINAL\DonationBackend\DonationBackend\src\test\resources
2023-03-14 18:39:52,463 [Worker-21: Building] INFO  o.e.m.c.i.embedder.EclipseLogger - Using 'UTF-8' encoding to copy filtered resources.
2023-03-14 18:39:52,464 [Worker-21: Building] INFO  o.e.m.c.i.embedder.EclipseLogger - Using 'UTF-8' encoding to copy filtered properties files.
2023-03-14 18:39:52,464 [Worker-21: Building] INFO  o.e.m.c.i.embedder.EclipseLogger - Copying 0 resource
2023-03-14 18:39:52,464 [Worker-21: Building] INFO  o.e.m.c.i.embedder.EclipseLogger - Copying 0 resource
2023-03-14 18:39:52,469 [Worker-21: Building] INFO  o.e.m.c.i.embedder.EclipseLogger - Using 'UTF-8' encoding to copy filtered resources.
2023-03-14 18:39:52,469 [Worker-21: Building] INFO  o.e.m.c.i.embedder.EclipseLogger - Using 'UTF-8' encoding to copy filtered properties files.
2023-03-14 18:39:52,469 [Worker-21: Building] INFO  o.e.m.c.i.embedder.EclipseLogger - skip non existing resourceDirectory E:\Cdac\A-Dac\final Project\14.03 FINAL\DonationBackend\DonationBackend\src\test\resources
2023-03-14 18:50:10,750 [Worker-18: Building] INFO  o.e.m.c.i.embedder.EclipseLogger - Using 'UTF-8' encoding to copy filtered resources.
2023-03-14 18:50:10,751 [Worker-18: Building] INFO  o.e.m.c.i.embedder.EclipseLogger - Using 'UTF-8' encoding to copy filtered properties files.
2023-03-14 18:50:10,752 [Worker-18: Building] INFO  o.e.m.c.i.embedder.EclipseLogger - Copying 1 resource
2023-03-14 18:50:10,868 [Worker-18: Building] INFO  o.e.m.c.i.embedder.EclipseLogger - Copying 0 resource
2023-03-14 18:50:10,873 [Worker-18: Building] INFO  o.e.m.c.i.embedder.EclipseLogger - Using 'UTF-8' encoding to copy filtered resources.
2023-03-14 18:50:10,874 [Worker-18: Building] INFO  o.e.m.c.i.embedder.EclipseLogger - Using 'UTF-8' encoding to copy filtered properties files.
2023-03-14 18:50:10,875 [Worker-18: Building] INFO  o.e.m.c.i.embedder.EclipseLogger - skip non existing resourceDirectory E:\Cdac\A-Dac\final Project\14.03 FINAL\DonationBackend\DonationBackend\src\test\resources
2023-03-14 18:50:16,539 [Worker-25: Launching DonationBackendApplication] INFO  o.e.m.c.i.embedder.EclipseLogger - Using 'UTF-8' encoding to copy filtered resources.
2023-03-14 18:50:16,539 [Worker-25: Launching DonationBackendApplication] INFO  o.e.m.c.i.embedder.EclipseLogger - Using 'UTF-8' encoding to copy filtered properties files.
2023-03-14 18:50:16,540 [Worker-25: Launching DonationBackendApplication] INFO  o.e.m.c.i.embedder.EclipseLogger - Copying 1 resource
2023-03-14 18:50:16,715 [Worker-25: Launching DonationBackendApplication] INFO  o.e.m.c.i.embedder.EclipseLogger - Copying 0 resource
2023-03-14 18:50:16,748 [Worker-25: Launching DonationBackendApplication] INFO  o.e.m.c.i.embedder.EclipseLogger - Using 'UTF-8' encoding to copy filtered resources.
2023-03-14 18:50:16,749 [Worker-25: Launching DonationBackendApplication] INFO  o.e.m.c.i.embedder.EclipseLogger - Using 'UTF-8' encoding to copy filtered properties files.
2023-03-14 18:50:16,751 [Worker-25: Launching DonationBackendApplication] INFO  o.e.m.c.i.embedder.EclipseLogger - skip non existing resourceDirectory E:\Cdac\A-Dac\final Project\14.03 FINAL\DonationBackend\DonationBackend\src\test\resources
2023-03-14 18:50:59,644 [Worker-30: Launching DonationBackendApplication] INFO  o.e.m.c.i.embedder.EclipseLogger - Using 'UTF-8' encoding to copy filtered resources.
2023-03-14 18:50:59,645 [Worker-30: Launching DonationBackendApplication] INFO  o.e.m.c.i.embedder.EclipseLogger - Using 'UTF-8' encoding to copy filtered properties files.
2023-03-14 18:50:59,646 [Worker-30: Launching DonationBackendApplication] INFO  o.e.m.c.i.embedder.EclipseLogger - Copying 1 resource
2023-03-14 18:50:59,752 [Worker-30: Launching DonationBackendApplication] INFO  o.e.m.c.i.embedder.EclipseLogger - Copying 0 resource
2023-03-14 18:50:59,759 [Worker-30: Launching DonationBackendApplication] INFO  o.e.m.c.i.embedder.EclipseLogger - Using 'UTF-8' encoding to copy filtered resources.
2023-03-14 18:50:59,759 [Worker-30: Launching DonationBackendApplication] INFO  o.e.m.c.i.embedder.EclipseLogger - Using 'UTF-8' encoding to copy filtered properties files.
2023-03-14 18:50:59,759 [Worker-30: Launching DonationBackendApplication] INFO  o.e.m.c.i.embedder.EclipseLogger - skip non existing resourceDirectory E:\Cdac\A-Dac\final Project\14.03 FINAL\DonationBackend\DonationBackend\src\test\resources
2023-03-14 19:17:54,038 [Worker-44: Building] INFO  o.e.m.c.i.embedder.EclipseLogger - Using 'UTF-8' encoding to copy filtered resources.
2023-03-14 19:17:54,039 [Worker-44: Building] INFO  o.e.m.c.i.embedder.EclipseLogger - Using 'UTF-8' encoding to copy filtered properties files.
2023-03-14 19:17:54,040 [Worker-44: Building] INFO  o.e.m.c.i.embedder.EclipseLogger - Copying 1 resource
2023-03-14 19:17:54,147 [Worker-44: Building] INFO  o.e.m.c.i.embedder.EclipseLogger - Copying 0 resource
2023-03-14 19:17:54,158 [Worker-44: Building] INFO  o.e.m.c.i.embedder.EclipseLogger - Using 'UTF-8' encoding to copy filtered resources.
2023-03-14 19:17:54,158 [Worker-44: Building] INFO  o.e.m.c.i.embedder.EclipseLogger - Using 'UTF-8' encoding to copy filtered properties files.
2023-03-14 19:17:54,158 [Worker-44: Building] INFO  o.e.m.c.i.embedder.EclipseLogger - skip non existing resourceDirectory E:\Cdac\A-Dac\final Project\14.03 FINAL\DonationBackend\DonationBackend\src\test\resources
2023-03-14 19:48:01,203 [Worker-2: Loading available Gradle versions] INFO  o.e.b.c.i.u.g.PublishedGradleVersions - Gradle version information cache is up-to-date. Trying to read.
